<?xml version="1.0" encoding="UTF-8"?>
<!-- Generated by org.testng.reporters.JUnitXMLReporter -->
<testsuite ignored="0" hostname="LTIN283332" failures="0" tests="3" name="ChromeTest" time="13.567" errors="0" timestamp="2024-01-23T15:21:14 IST">
  <testcase classname="HandleBrowser.NewTest" name="createDriver" time="7.194"/>
  <testcase classname="HandleBrowser.NewTest" name="configure" time="1.941"/>
  <testcase classname="HandleBrowser.NewTest" name="handleWindows" time="4.418"/>
</testsuite> <!-- ChromeTest -->
