<?xml version="1.0" encoding="UTF-8"?>
<!-- Generated by org.testng.reporters.JUnitXMLReporter -->
<testsuite ignored="0" hostname="LTIN283332" failures="0" tests="3" name="EdgeTest" time="42.966" errors="0" timestamp="2024-01-23T15:21:00 IST">
  <testcase classname="HandleBrowser.NewTest" name="createDriver" time="28.899"/>
  <testcase classname="HandleBrowser.NewTest" name="configure" time="4.244"/>
  <testcase classname="HandleBrowser.NewTest" name="handleWindows" time="9.695"/>
</testsuite> <!-- EdgeTest -->
