<?xml version="1.0" encoding="UTF-8"?>
<!-- Generated by org.testng.reporters.JUnitXMLReporter -->
<testsuite ignored="0" hostname="LTIN283332" failures="0" tests="3" name="Test" time="41.256" errors="0" timestamp="2024-01-23T12:17:03 IST">
  <testcase classname="HandleBrowser.NewTest" name="createDriver" time="15.955"/>
  <testcase classname="HandleBrowser.NewTest" name="configure" time="21.223"/>
  <testcase classname="HandleBrowser.NewTest" name="handleWindows" time="3.887"/>
</testsuite> <!-- Test -->
