<?xml version="1.0" encoding="UTF-8"?>
<testng-results ignored="0" total="6" passed="6" failed="0" skipped="0">
  <reporter-output>
  </reporter-output>
  <suite started-at="2024-01-23T15:20:17 IST" name="Suite" finished-at="2024-01-23T15:21:14 IST" duration-ms="56580">
    <groups>
    </groups>
    <test started-at="2024-01-23T15:20:17 IST" name="EdgeTest" finished-at="2024-01-23T15:21:00 IST" duration-ms="42966">
      <class name="HandleBrowser.NewTest">
        <test-method signature="createDriver(java.lang.String)[pri:0, instance:HandleBrowser.NewTest@298a5e20]" started-at="2024-01-23T15:20:17 IST" name="createDriver" finished-at="2024-01-23T15:20:46 IST" duration-ms="28899" status="PASS">
          <params>
            <param index="0">
              <value>
                <![CDATA[chrome]]>
              </value>
            </param>
          </params>
          <reporter-output>
          </reporter-output>
        </test-method> <!-- createDriver -->
        <test-method signature="configure()[pri:1, instance:HandleBrowser.NewTest@298a5e20]" started-at="2024-01-23T15:20:46 IST" name="configure" finished-at="2024-01-23T15:20:50 IST" duration-ms="4244" status="PASS">
          <reporter-output>
          </reporter-output>
        </test-method> <!-- configure -->
        <test-method signature="handleWindows()[pri:2, instance:HandleBrowser.NewTest@298a5e20]" started-at="2024-01-23T15:20:50 IST" name="handleWindows" finished-at="2024-01-23T15:21:00 IST" duration-ms="9695" status="PASS">
          <reporter-output>
          </reporter-output>
        </test-method> <!-- handleWindows -->
      </class> <!-- HandleBrowser.NewTest -->
    </test> <!-- EdgeTest -->
    <test started-at="2024-01-23T15:21:00 IST" name="ChromeTest" finished-at="2024-01-23T15:21:14 IST" duration-ms="13567">
      <class name="HandleBrowser.NewTest">
        <test-method signature="createDriver(java.lang.String)[pri:0, instance:HandleBrowser.NewTest@7ce69770]" started-at="2024-01-23T15:21:00 IST" name="createDriver" finished-at="2024-01-23T15:21:07 IST" duration-ms="7194" status="PASS">
          <params>
            <param index="0">
              <value>
                <![CDATA[edge]]>
              </value>
            </param>
          </params>
          <reporter-output>
          </reporter-output>
        </test-method> <!-- createDriver -->
        <test-method signature="configure()[pri:1, instance:HandleBrowser.NewTest@7ce69770]" started-at="2024-01-23T15:21:07 IST" name="configure" finished-at="2024-01-23T15:21:09 IST" duration-ms="1941" status="PASS">
          <reporter-output>
          </reporter-output>
        </test-method> <!-- configure -->
        <test-method signature="handleWindows()[pri:2, instance:HandleBrowser.NewTest@7ce69770]" started-at="2024-01-23T15:21:09 IST" name="handleWindows" finished-at="2024-01-23T15:21:14 IST" duration-ms="4418" status="PASS">
          <reporter-output>
          </reporter-output>
        </test-method> <!-- handleWindows -->
      </class> <!-- HandleBrowser.NewTest -->
    </test> <!-- ChromeTest -->
  </suite> <!-- Suite -->
</testng-results>
